<?xml version="1.0" encoding="UTF-8"?>
<!-- Generated by org.testng.reporters.JUnitReportReporter -->
<testsuite skipped="0" hostname="SudheerReddy" name="com.restapi.NodeJsPostRequest" tests="6" failures="0" timestamp="07 Aug 2018 04:15:02 GMT" time="3.412" errors="0">
  <testcase name="postRequestWithArrays" time="0.356" classname="com.restapi.NodeJsPostRequest"/>
  <testcase name="postRequestComplex" time="0.082" classname="com.restapi.NodeJsPostRequest"/>
  <testcase name="ResponseTime" time="2.190" classname="com.restapi.NodeJsPostRequest"/>
  <testcase name="postRequest" time="0.157" classname="com.restapi.NodeJsPostRequest"/>
  <testcase name="postRequest2" time="0.529" classname="com.restapi.NodeJsPostRequest"/>
  <testcase name="getRequest" time="0.098" classname="com.restapi.NodeJsPostRequest"/>
</testsuite> <!-- com.restapi.NodeJsPostRequest -->
