<?xml version="1.0" encoding="UTF-8"?>
<!-- Generated by org.testng.reporters.JUnitReportReporter -->
<testsuite skipped="0" hostname="SudheerReddy" name="com.restapi.GetWeatherRequestDeatils" tests="1" failures="0" timestamp="05 Aug 2018 14:27:34 GMT" time="2.941" errors="0">
  <testcase name="getLatLong" time="2.941" classname="com.restapi.GetWeatherRequestDeatils"/>
</testsuite> <!-- com.restapi.GetWeatherRequestDeatils -->
