<?xml version="1.0" encoding="UTF-8"?>
<!-- Generated by org.testng.reporters.JUnitReportReporter -->
<testsuite skipped="0" hostname="SudheerReddy" name="com.restapi.RestAPI" tests="1" failures="0" timestamp="11 Aug 2018 02:00:19 GMT" time="2.921" errors="0">
  <testcase name="PostRequestUsingJSONObject2" time="2.921" classname="com.restapi.RestAPI"/>
</testsuite> <!-- com.restapi.RestAPI -->
