<?xml version="1.0" encoding="UTF-8"?>
<!-- Generated by org.testng.reporters.JUnitReportReporter -->
<testsuite skipped="0" hostname="SudheerReddy" name="com.restapi.NodeJSDeleteRequest" tests="1" failures="0" timestamp="07 Aug 2018 02:11:06 GMT" time="1.971" errors="0">
  <testcase name="DeleteRequest" time="1.971" classname="com.restapi.NodeJSDeleteRequest"/>
</testsuite> <!-- com.restapi.NodeJSDeleteRequest -->
