<?xml version="1.0" encoding="UTF-8"?>
<!-- Generated by org.testng.reporters.JUnitReportReporter -->
<testsuite skipped="0" hostname="SudheerReddy" name="com.restapi.NodeJsPutRequest" tests="1" failures="0" timestamp="07 Aug 2018 02:03:37 GMT" time="2.056" errors="0">
  <testcase name="patchRequest" time="2.056" classname="com.restapi.NodeJsPutRequest"/>
</testsuite> <!-- com.restapi.NodeJsPutRequest -->
